This file contains any messages produced by compilers while
running configure, to aid debugging if configure makes a mistake.

It was created by LIBBGTF configure 0.0.0, which was
generated by GNU Autoconf 2.71.  Invocation command line was

  $ ./configure

## --------- ##
## Platform. ##
## --------- ##

hostname = snows-hackintosh.local
uname -m = x86_64
uname -r = 21.1.0
uname -s = Darwin
uname -v = Darwin Kernel Version 21.1.0: Wed Oct 13 17:33:23 PDT 2021; root:xnu-8019.41.5~1/RELEASE_X86_64

/usr/bin/uname -p = i386
/bin/uname -X     = unknown

/bin/arch              = unknown
/usr/bin/arch -k       = unknown
/usr/convex/getsysinfo = unknown
/usr/bin/hostinfo      = Mach kernel version:
	 Darwin Kernel Version 21.1.0: Wed Oct 13 17:33:23 PDT 2021; root:xnu-8019.41.5~1/RELEASE_X86_64
Kernel configured for up to 16 processors.
8 processors are physically available.
16 processors are logically available.
Processor type: x86_64h (Intel x86-64h Haswell)
Processors active: 0 1 2 3 4 5 6 7 8 9 10 11 12 13 14 15
Primary memory available: 128.00 gigabytes
Default processor set: 733 tasks, 3737 threads, 16 processors
Load average: 13.39, Mach factor: 2.64
/bin/machine           = unknown
/usr/bin/oslevel       = unknown
/bin/universe          = unknown

PATH: /usr/local/bin/
PATH: /usr/bin/
PATH: /bin/
PATH: /usr/sbin/
PATH: /sbin/
PATH: /Library/TeX/texbin/
PATH: /Library/Apple/usr/bin/
PATH: /Users/snow/opt/anaconda3/bin/
PATH: /Users/snow/opt/anaconda3/condabin/


## ----------- ##
## Core tests. ##
## ----------- ##

configure:2365: looking for aux files: config.guess config.sub
configure:2378:  trying ./
configure:2407:   ./config.guess found
configure:2407:   ./config.sub found
configure:2588: checking for gcc
configure:2609: found /usr/bin/gcc
configure:2620: result: gcc
configure:2973: checking for C compiler version
configure:2982: gcc --version >&5
Apple clang version 13.0.0 (clang-1300.0.29.30)
Target: x86_64-apple-darwin21.1.0
Thread model: posix
InstalledDir: /Applications/Xcode.app/Contents/Developer/Toolchains/XcodeDefault.xctoolchain/usr/bin
Configured with: --prefix=/Applications/Xcode.app/Contents/Developer/usr --with-gxx-include-dir=/Applications/Xcode.app/Contents/Developer/Platforms/MacOSX.platform/Developer/SDKs/MacOSX.sdk/usr/include/c++/4.2.1
configure:2993: $? = 0
configure:2982: gcc -v >&5
Configured with: --prefix=/Applications/Xcode.app/Contents/Developer/usr --with-gxx-include-dir=/Applications/Xcode.app/Contents/Developer/Platforms/MacOSX.platform/Developer/SDKs/MacOSX.sdk/usr/include/c++/4.2.1
Apple clang version 13.0.0 (clang-1300.0.29.30)
Target: x86_64-apple-darwin21.1.0
Thread model: posix
InstalledDir: /Applications/Xcode.app/Contents/Developer/Toolchains/XcodeDefault.xctoolchain/usr/bin
configure:2993: $? = 0
configure:2982: gcc -V >&5
clang: error: argument to '-V' is missing (expected 1 value)
clang: error: no input files
configure:2993: $? = 1
configure:2982: gcc -qversion >&5
clang: error: unknown argument '-qversion'; did you mean '--version'?
clang: error: no input files
configure:2993: $? = 1
configure:2982: gcc -version >&5
clang: error: unknown argument '-version'; did you mean '--version'?
clang: error: no input files
configure:2993: $? = 1
configure:3013: checking whether the C compiler works
configure:3035: gcc    conftest.c  >&5
configure:3039: $? = 0
configure:3089: result: yes
configure:3092: checking for C compiler default output file name
configure:3094: result: a.out
configure:3100: checking for suffix of executables
configure:3107: gcc -o conftest    conftest.c  >&5
configure:3111: $? = 0
configure:3134: result: 
configure:3156: checking whether we are cross compiling
configure:3164: gcc -o conftest    conftest.c  >&5
configure:3168: $? = 0
configure:3175: ./conftest
configure:3179: $? = 0
configure:3194: result: no
configure:3199: checking for suffix of object files
configure:3222: gcc -c   conftest.c >&5
configure:3226: $? = 0
configure:3248: result: o
configure:3252: checking whether the compiler supports GNU C
configure:3272: gcc -c   conftest.c >&5
configure:3272: $? = 0
configure:3282: result: yes
configure:3293: checking whether gcc accepts -g
configure:3314: gcc -c -g  conftest.c >&5
configure:3314: $? = 0
configure:3358: result: yes
configure:3378: checking for gcc option to enable C11 features
configure:3393: gcc  -c -g -O2  conftest.c >&5
configure:3393: $? = 0
configure:3411: result: none needed
configure:3569: checking for ranlib
configure:3590: found /usr/bin/ranlib
configure:3601: result: ranlib
configure:3661: checking for special C compiler options needed for large files
configure:3709: result: no
configure:3715: checking for _FILE_OFFSET_BITS value needed for large files
configure:3741: gcc -c -g -O2  conftest.c >&5
configure:3741: $? = 0
configure:3775: result: no
configure:3899: checking shared library type for unknown-Darwin
configure:3927: result: Darwin dylib
configure:3939: checking build system type
configure:3954: result: x86_64-apple-darwin21.1.0
configure:3974: checking host system type
configure:3988: result: x86_64-apple-darwin21.1.0
configure:4012: checking for stdio.h
configure:4012: gcc -c -g -O2  conftest.c >&5
configure:4012: $? = 0
configure:4012: result: yes
configure:4012: checking for stdlib.h
configure:4012: gcc -c -g -O2  conftest.c >&5
configure:4012: $? = 0
configure:4012: result: yes
configure:4012: checking for string.h
configure:4012: gcc -c -g -O2  conftest.c >&5
configure:4012: $? = 0
configure:4012: result: yes
configure:4012: checking for inttypes.h
configure:4012: gcc -c -g -O2  conftest.c >&5
configure:4012: $? = 0
configure:4012: result: yes
configure:4012: checking for stdint.h
configure:4012: gcc -c -g -O2  conftest.c >&5
configure:4012: $? = 0
configure:4012: result: yes
configure:4012: checking for strings.h
configure:4012: gcc -c -g -O2  conftest.c >&5
configure:4012: $? = 0
configure:4012: result: yes
configure:4012: checking for sys/stat.h
configure:4012: gcc -c -g -O2  conftest.c >&5
configure:4012: $? = 0
configure:4012: result: yes
configure:4012: checking for sys/types.h
configure:4012: gcc -c -g -O2  conftest.c >&5
configure:4012: $? = 0
configure:4012: result: yes
configure:4012: checking for unistd.h
configure:4012: gcc -c -g -O2  conftest.c >&5
configure:4012: $? = 0
configure:4012: result: yes
configure:4012: checking for sys/param.h
configure:4012: gcc -c -g -O2  conftest.c >&5
configure:4012: $? = 0
configure:4012: result: yes
configure:4042: checking for getpagesize
configure:4042: gcc -o conftest -g -O2   conftest.c  >&5
configure:4042: $? = 0
configure:4042: result: yes
configure:4053: checking for working mmap
configure:4205: gcc -o conftest -g -O2   conftest.c  >&5
configure:4205: $? = 0
configure:4205: ./conftest
configure:4205: $? = 0
configure:4216: result: yes
configure:4225: checking for gmtime_r
configure:4225: gcc -o conftest -g -O2   conftest.c  >&5
configure:4225: $? = 0
configure:4225: result: yes
configure:4231: checking for fsync
configure:4231: gcc -o conftest -g -O2   conftest.c  >&5
configure:4231: $? = 0
configure:4231: result: yes
configure:4237: checking for drand48
configure:4237: gcc -o conftest -g -O2   conftest.c  >&5
configure:4237: $? = 0
configure:4237: result: yes
configure:4243: checking for srand48_deterministic
configure:4243: gcc -o conftest -g -O2   conftest.c  >&5
Undefined symbols for architecture x86_64:
  "_srand48_deterministic", referenced from:
      _main in conftest-12ebc7.o
ld: symbol(s) not found for architecture x86_64
clang: error: linker command failed with exit code 1 (use -v to see invocation)
configure:4243: $? = 1
configure: failed program was:
| /* confdefs.h */
| #define PACKAGE_NAME "LIBBGTF"
| #define PACKAGE_TARNAME "libbgtf"
| #define PACKAGE_VERSION "0.0.0"
| #define PACKAGE_STRING "LIBBGTF 0.0.0"
| #define PACKAGE_BUGREPORT "xueziweisz@gmail.com"
| #define PACKAGE_URL ""
| #define HAVE_STDIO_H 1
| #define HAVE_STDLIB_H 1
| #define HAVE_STRING_H 1
| #define HAVE_INTTYPES_H 1
| #define HAVE_STDINT_H 1
| #define HAVE_STRINGS_H 1
| #define HAVE_SYS_STAT_H 1
| #define HAVE_SYS_TYPES_H 1
| #define HAVE_UNISTD_H 1
| #define HAVE_SYS_PARAM_H 1
| #define STDC_HEADERS 1
| #define HAVE_GETPAGESIZE 1
| #define HAVE_MMAP 1
| #define HAVE_GMTIME_R 1
| #define HAVE_FSYNC 1
| #define HAVE_DRAND48 1
| /* end confdefs.h.  */
| /* Define srand48_deterministic to an innocuous variant, in case <limits.h> declares srand48_deterministic.
|    For example, HP-UX 11i <limits.h> declares gettimeofday.  */
| #define srand48_deterministic innocuous_srand48_deterministic
| 
| /* System header to define __stub macros and hopefully few prototypes,
|    which can conflict with char srand48_deterministic (); below.  */
| 
| #include <limits.h>
| #undef srand48_deterministic
| 
| /* Override any GCC internal prototype to avoid an error.
|    Use char because int might match the return type of a GCC
|    builtin and then its argument prototype would still apply.  */
| #ifdef __cplusplus
| extern "C"
| #endif
| char srand48_deterministic ();
| /* The GNU C library defines this for functions which it implements
|     to always fail with ENOSYS.  Some functions are actually named
|     something starting with __ and the normal name is an alias.  */
| #if defined __stub_srand48_deterministic || defined __stub___srand48_deterministic
| choke me
| #endif
| 
| int
| main (void)
| {
| return srand48_deterministic ();
|   ;
|   return 0;
| }
configure:4243: result: no
configure:4252: checking for gcc options needed to detect all undeclared functions
configure:4274: gcc -c -g -O2   conftest.c >&5
conftest.c:29:8: error: implicitly declaring library function 'strchr' with type 'char *(const char *, int)' [-Werror,-Wimplicit-function-declaration]
(void) strchr;
       ^
conftest.c:29:8: note: include the header <string.h> or explicitly provide a declaration for 'strchr'
1 error generated.
configure:4274: $? = 1
configure: failed program was:
| /* confdefs.h */
| #define PACKAGE_NAME "LIBBGTF"
| #define PACKAGE_TARNAME "libbgtf"
| #define PACKAGE_VERSION "0.0.0"
| #define PACKAGE_STRING "LIBBGTF 0.0.0"
| #define PACKAGE_BUGREPORT "xueziweisz@gmail.com"
| #define PACKAGE_URL ""
| #define HAVE_STDIO_H 1
| #define HAVE_STDLIB_H 1
| #define HAVE_STRING_H 1
| #define HAVE_INTTYPES_H 1
| #define HAVE_STDINT_H 1
| #define HAVE_STRINGS_H 1
| #define HAVE_SYS_STAT_H 1
| #define HAVE_SYS_TYPES_H 1
| #define HAVE_UNISTD_H 1
| #define HAVE_SYS_PARAM_H 1
| #define STDC_HEADERS 1
| #define HAVE_GETPAGESIZE 1
| #define HAVE_MMAP 1
| #define HAVE_GMTIME_R 1
| #define HAVE_FSYNC 1
| #define HAVE_DRAND48 1
| /* end confdefs.h.  */
| 
| int
| main (void)
| {
| (void) strchr;
|   ;
|   return 0;
| }
configure:4301: gcc -c -g -O2   conftest.c >&5
configure:4301: $? = 0
configure:4318: result: none needed
configure:4333: checking whether fdatasync is declared
configure:4333: gcc -c -g -O2   conftest.c >&5
conftest.c:60:10: error: use of undeclared identifier 'fdatasync'
  (void) fdatasync;
         ^
1 error generated.
configure:4333: $? = 1
configure: failed program was:
| /* confdefs.h */
| #define PACKAGE_NAME "LIBBGTF"
| #define PACKAGE_TARNAME "libbgtf"
| #define PACKAGE_VERSION "0.0.0"
| #define PACKAGE_STRING "LIBBGTF 0.0.0"
| #define PACKAGE_BUGREPORT "xueziweisz@gmail.com"
| #define PACKAGE_URL ""
| #define HAVE_STDIO_H 1
| #define HAVE_STDLIB_H 1
| #define HAVE_STRING_H 1
| #define HAVE_INTTYPES_H 1
| #define HAVE_STDINT_H 1
| #define HAVE_STRINGS_H 1
| #define HAVE_SYS_STAT_H 1
| #define HAVE_SYS_TYPES_H 1
| #define HAVE_UNISTD_H 1
| #define HAVE_SYS_PARAM_H 1
| #define STDC_HEADERS 1
| #define HAVE_GETPAGESIZE 1
| #define HAVE_MMAP 1
| #define HAVE_GMTIME_R 1
| #define HAVE_FSYNC 1
| #define HAVE_DRAND48 1
| /* end confdefs.h.  */
| #include <stddef.h>
| #ifdef HAVE_STDIO_H
| # include <stdio.h>
| #endif
| #ifdef HAVE_STDLIB_H
| # include <stdlib.h>
| #endif
| #ifdef HAVE_STRING_H
| # include <string.h>
| #endif
| #ifdef HAVE_INTTYPES_H
| # include <inttypes.h>
| #endif
| #ifdef HAVE_STDINT_H
| # include <stdint.h>
| #endif
| #ifdef HAVE_STRINGS_H
| # include <strings.h>
| #endif
| #ifdef HAVE_SYS_TYPES_H
| # include <sys/types.h>
| #endif
| #ifdef HAVE_SYS_STAT_H
| # include <sys/stat.h>
| #endif
| #ifdef HAVE_UNISTD_H
| # include <unistd.h>
| #endif
| int
| main (void)
| {
| #ifndef fdatasync
| #ifdef __cplusplus
|   (void) fdatasync((int) 0);
| #else
|   (void) fdatasync;
| #endif
| #endif
| 
|   ;
|   return 0;
| }
configure:4333: result: no
configure:4347: checking for library containing log
configure:4377: gcc -o conftest -g -O2   conftest.c  >&5
conftest.c:29:6: warning: incompatible redeclaration of library function 'log' [-Wincompatible-library-redeclaration]
char log ();
     ^
conftest.c:29:6: note: 'log' is a builtin with type 'double (double)'
1 warning generated.
configure:4377: $? = 0
configure:4397: result: none required
configure:4415: checking for zlib.h
configure:4415: gcc -c -g -O2  conftest.c >&5
configure:4415: $? = 0
configure:4415: result: yes
configure:4424: checking for inflate in -lz
configure:4447: gcc -o conftest -g -O2   conftest.c -lz   >&5
configure:4447: $? = 0
configure:4457: result: yes
configure:4601: creating ./config.status

## ---------------------- ##
## Running config.status. ##
## ---------------------- ##

This file was extended by LIBBGTF config.status 0.0.0, which was
generated by GNU Autoconf 2.71.  Invocation command line was

  CONFIG_FILES    = 
  CONFIG_HEADERS  = 
  CONFIG_LINKS    = 
  CONFIG_COMMANDS = 
  $ ./config.status 

on snows-hackintosh.local

config.status:674: creating ./src/config.h
config.status:764: ./src/config.h is unchanged

## ---------------- ##
## Cache variables. ##
## ---------------- ##

ac_cv_build=x86_64-apple-darwin21.1.0
ac_cv_c_compiler_gnu=yes
ac_cv_c_undeclared_builtin_options='none needed'
ac_cv_env_CC_set=
ac_cv_env_CC_value=
ac_cv_env_CFLAGS_set=
ac_cv_env_CFLAGS_value=
ac_cv_env_CPPFLAGS_set=
ac_cv_env_CPPFLAGS_value=
ac_cv_env_LDFLAGS_set=
ac_cv_env_LDFLAGS_value=
ac_cv_env_LIBS_set=
ac_cv_env_LIBS_value=
ac_cv_env_build_alias_set=
ac_cv_env_build_alias_value=
ac_cv_env_host_alias_set=
ac_cv_env_host_alias_value=
ac_cv_env_target_alias_set=
ac_cv_env_target_alias_value=
ac_cv_func_drand48=yes
ac_cv_func_fsync=yes
ac_cv_func_getpagesize=yes
ac_cv_func_gmtime_r=yes
ac_cv_func_mmap_fixed_mapped=yes
ac_cv_func_srand48_deterministic=no
ac_cv_have_decl_fdatasync_int_=no
ac_cv_header_inttypes_h=yes
ac_cv_header_stdint_h=yes
ac_cv_header_stdio_h=yes
ac_cv_header_stdlib_h=yes
ac_cv_header_string_h=yes
ac_cv_header_strings_h=yes
ac_cv_header_sys_param_h=yes
ac_cv_header_sys_stat_h=yes
ac_cv_header_sys_types_h=yes
ac_cv_header_unistd_h=yes
ac_cv_header_zlib_h=yes
ac_cv_host=x86_64-apple-darwin21.1.0
ac_cv_lib_z_inflate=yes
ac_cv_objext=o
ac_cv_prog_ac_ct_CC=gcc
ac_cv_prog_ac_ct_RANLIB=ranlib
ac_cv_prog_cc_c11=
ac_cv_prog_cc_g=yes
ac_cv_prog_cc_stdc=
ac_cv_search_log='none required'
ac_cv_sys_file_offset_bits=no
ac_cv_sys_largefile_CC=no

## ----------------- ##
## Output variables. ##
## ----------------- ##

CC='gcc'
CFLAGS='-g -O2'
CPPFLAGS=''
DEFS='-DHAVE_CONFIG_H'
ECHO_C='\c'
ECHO_N=''
ECHO_T=''
EXEEXT=''
LDFLAGS=''
LIBOBJS=''
LIBS='-lz '
LTLIBOBJS=''
OBJEXT='o'
PACKAGE_BUGREPORT='xueziweisz@gmail.com'
PACKAGE_NAME='LIBBGTF'
PACKAGE_STRING='LIBBGTF 0.0.0'
PACKAGE_TARNAME='libbgtf'
PACKAGE_URL=''
PACKAGE_VERSION='0.0.0'
PATH_SEPARATOR=':'
PLATFORM='Darwin'
RANLIB='ranlib'
SHELL='/bin/sh'
ac_ct_CC='gcc'
bindir='${exec_prefix}/bin'
build='x86_64-apple-darwin21.1.0'
build_alias=''
build_cpu='x86_64'
build_os='darwin21.1.0'
build_vendor='apple'
datadir='${datarootdir}'
datarootdir='${prefix}/share'
docdir='${datarootdir}/doc/${PACKAGE_TARNAME}'
dvidir='${docdir}'
enable_plugins='no'
exec_prefix='${prefix}'
host='x86_64-apple-darwin21.1.0'
host_alias=''
host_cpu='x86_64'
host_os='darwin21.1.0'
host_vendor='apple'
htmldir='${docdir}'
includedir='${prefix}/include'
infodir='${datarootdir}/info'
libdir='${exec_prefix}/lib'
libexecdir='${exec_prefix}/libexec'
localedir='${datarootdir}/locale'
localstatedir='${prefix}/var'
mandir='${datarootdir}/man'
oldincludedir='/usr/include'
pdfdir='${docdir}'
prefix='/usr/local'
program_transform_name='s,x,x,'
psdir='${docdir}'
runstatedir='${localstatedir}/run'
sbindir='${exec_prefix}/sbin'
sharedstatedir='${prefix}/com'
sysconfdir='${prefix}/etc'
target_alias=''

## ----------- ##
## confdefs.h. ##
## ----------- ##

/* confdefs.h */
#define PACKAGE_NAME "LIBBGTF"
#define PACKAGE_TARNAME "libbgtf"
#define PACKAGE_VERSION "0.0.0"
#define PACKAGE_STRING "LIBBGTF 0.0.0"
#define PACKAGE_BUGREPORT "xueziweisz@gmail.com"
#define PACKAGE_URL ""
#define HAVE_STDIO_H 1
#define HAVE_STDLIB_H 1
#define HAVE_STRING_H 1
#define HAVE_INTTYPES_H 1
#define HAVE_STDINT_H 1
#define HAVE_STRINGS_H 1
#define HAVE_SYS_STAT_H 1
#define HAVE_SYS_TYPES_H 1
#define HAVE_UNISTD_H 1
#define HAVE_SYS_PARAM_H 1
#define STDC_HEADERS 1
#define HAVE_GETPAGESIZE 1
#define HAVE_MMAP 1
#define HAVE_GMTIME_R 1
#define HAVE_FSYNC 1
#define HAVE_DRAND48 1
#define HAVE_LIBZ 1

configure: exit 0
